2026-05-22 10:47:48,462 - INFO - Starting login data driven tes
2026-05-22 10:47:48,829 - INFO - Username entered
2026-05-22 10:47:48,844 - INFO - Password entered
2026-05-22 10:47:52,899 - INFO - dashboard in URL verified successfully
2026-05-22 10:47:55,411 - INFO - Starting page title test
2026-05-22 10:47:55,420 - INFO - Page title verified successfully
2026-05-22 10:47:58,034 - INFO - Starting page title test
2026-05-22 10:47:59,685 - INFO - dashboard in URL verified successfully
2026-05-22 10:48:06,230 - INFO - Starting page title test
2026-05-22 10:48:06,616 - INFO - Enter username
2026-05-22 10:48:06,633 - INFO - Enter password
2026-05-22 10:48:06,657 - INFO - Click on login button
2026-05-22 10:48:09,359 - INFO - Click on pim menu
2026-05-22 10:48:10,584 - INFO - Click on add employee
2026-05-22 10:48:10,962 - INFO - Enter employee first name
2026-05-22 10:48:10,978 - INFO - Enter employee last name
2026-05-22 10:48:11,010 - INFO - Enter employee id
2026-05-22 10:48:11,338 - INFO - Click on submit button
2026-05-22 10:48:18,433 - INFO - Validate viewPersonalDetails in url
2026-05-22 10:48:22,158 - INFO - Click on pim menu
2026-05-22 10:48:22,501 - INFO - Search employee
2026-05-22 10:48:22,542 - INFO - Click on submit button
2026-05-22 10:48:25,561 - INFO - Verify employee
2026-05-22 10:48:25,660 - INFO - Delete employee
2026-05-22 10:48:29,709 - INFO - Logout from application
2026-05-22 10:48:29,714 - INFO - Validate login page after logout
2026-05-22 10:48:38,197 - INFO - Starting login data driven tes
2026-05-22 10:48:38,599 - INFO - Username entered
2026-05-22 10:48:38,615 - INFO - Password entered
2026-05-22 10:48:41,670 - INFO - Invalid credentials displayed
2026-05-22 10:48:45,205 - INFO - Starting login data driven tes
2026-05-22 10:48:46,563 - INFO - Username entered
2026-05-22 10:48:46,581 - INFO - Password entered
2026-05-22 10:48:49,623 - INFO - Invalid credentials displayed
