2026-05-29 11:45:48,867 - INFO - In test_001_login_data_driven
2026-05-29 11:45:48,867 - INFO - Starting login data driven test
2026-05-29 11:45:50,239 - INFO - Username entered
2026-05-29 11:45:50,258 - INFO - Password entered
2026-05-29 11:45:55,245 - INFO - dashboard in URL verified successfully
2026-05-29 11:45:58,772 - INFO - In test_002_page_title
2026-05-29 11:45:58,773 - INFO - Starting page title test
2026-05-29 11:45:58,780 - INFO - Page title verified successfully
2026-05-29 11:46:02,440 - INFO - In test_003_failed_login_screenshot
2026-05-29 11:46:02,441 - INFO - Starting page title test
2026-05-29 11:46:09,733 - INFO - dashboard in URL verified successfully
2026-05-29 11:46:18,269 - INFO - In test_004_employee_workflow
2026-05-29 11:46:18,269 - INFO - Starting page title test
2026-05-29 11:46:20,121 - INFO - Enter username
2026-05-29 11:46:20,140 - INFO - Enter password
2026-05-29 11:46:20,166 - INFO - Click on login button
2026-05-29 11:46:27,415 - INFO - Click on pim menu
2026-05-29 11:46:31,016 - INFO - Click on add employee
2026-05-29 11:46:32,913 - INFO - Enter employee first name
2026-05-29 11:46:32,929 - INFO - Enter employee last name
2026-05-29 11:46:32,960 - INFO - Enter employee id
2026-05-29 11:46:34,349 - INFO - Click on submit button
2026-05-29 11:46:45,729 - INFO - Validate viewPersonalDetails in url
2026-05-29 11:46:51,255 - INFO - Click on pim menu
2026-05-29 11:46:51,576 - INFO - Search employee
2026-05-29 11:46:51,613 - INFO - Click on submit button
2026-05-29 11:47:00,644 - INFO - In test_001_login_data_driven
2026-05-29 11:47:00,644 - INFO - Starting login data driven test
2026-05-29 11:47:01,012 - INFO - Username entered
2026-05-29 11:47:01,027 - INFO - Password entered
2026-05-29 11:47:04,085 - INFO - Invalid credentials displayed
2026-05-29 11:47:07,036 - INFO - In test_001_login_data_driven
2026-05-29 11:47:07,037 - INFO - Starting login data driven test
2026-05-29 11:47:07,396 - INFO - Username entered
2026-05-29 11:47:07,412 - INFO - Password entered
2026-05-29 11:47:10,463 - INFO - Invalid credentials displayed
